<?xml version="1.0" encoding="UTF-8"?>
<testsuite name="com.digitalpapyrus.authenticator.SmsReceiverTest" tests="20" skipped="0" failures="0" errors="0" timestamp="2026-05-15T03:39:51" hostname="zia-ChromeBox" time="0.126">
  <properties/>
  <testcase name="normalizeToE164 handles 12-digit country code format" classname="com.digitalpapyrus.authenticator.SmsReceiverTest" time="0.117"/>
  <testcase name="normalizeToE164 returns as-is for unrecognizable format" classname="com.digitalpapyrus.authenticator.SmsReceiverTest" time="0.0"/>
  <testcase name="normalizeToE164 returns unchanged for E164 format with plus" classname="com.digitalpapyrus.authenticator.SmsReceiverTest" time="0.001"/>
  <testcase name="normalizeToE164 handles empty string" classname="com.digitalpapyrus.authenticator.SmsReceiverTest" time="0.0"/>
  <testcase name="normalizeToE164 handles 015 prefix" classname="com.digitalpapyrus.authenticator.SmsReceiverTest" time="0.001"/>
  <testcase name="normalizeToE164 uses custom country code when provided" classname="com.digitalpapyrus.authenticator.SmsReceiverTest" time="0.0"/>
  <testcase name="normalizeToE164 adds plus to country code format" classname="com.digitalpapyrus.authenticator.SmsReceiverTest" time="0.001"/>
  <testcase name="normalizeToE164 handles 013 prefix" classname="com.digitalpapyrus.authenticator.SmsReceiverTest" time="0.0"/>
  <testcase name="normalizeToE164 handles whitespace in input" classname="com.digitalpapyrus.authenticator.SmsReceiverTest" time="0.001"/>
  <testcase name="normalizeToE164 handles 018 prefix" classname="com.digitalpapyrus.authenticator.SmsReceiverTest" time="0.0"/>
  <testcase name="normalizeToE164 adds country code to local format" classname="com.digitalpapyrus.authenticator.SmsReceiverTest" time="0.0"/>
  <testcase name="normalizeToE164 handles 11-digit local format" classname="com.digitalpapyrus.authenticator.SmsReceiverTest" time="0.0"/>
  <testcase name="normalizeToE164 handles 016 prefix" classname="com.digitalpapyrus.authenticator.SmsReceiverTest" time="0.0"/>
  <testcase name="normalizeToE164 handles 13-digit E164 format" classname="com.digitalpapyrus.authenticator.SmsReceiverTest" time="0.001"/>
  <testcase name="normalizeToE164 handles 014 prefix" classname="com.digitalpapyrus.authenticator.SmsReceiverTest" time="0.0"/>
  <testcase name="normalizeToE164 handles 019 prefix" classname="com.digitalpapyrus.authenticator.SmsReceiverTest" time="0.001"/>
  <testcase name="normalizeToE164 preserves original for malformed numbers" classname="com.digitalpapyrus.authenticator.SmsReceiverTest" time="0.001"/>
  <testcase name="normalizeToE164 handles hyphen in input" classname="com.digitalpapyrus.authenticator.SmsReceiverTest" time="0.0"/>
  <testcase name="normalizeToE164 returns as-is for international format without plus" classname="com.digitalpapyrus.authenticator.SmsReceiverTest" time="0.0"/>
  <testcase name="normalizeToE164 is case-sensitive for country code" classname="com.digitalpapyrus.authenticator.SmsReceiverTest" time="0.0"/>
  <system-out><![CDATA[]]></system-out>
  <system-err><![CDATA[]]></system-err>
</testsuite>
