<?xml version="1.0" encoding="UTF-8"?>
<testsuite name="com.digitalpapyrus.authenticator.AuthCryptoTest" tests="18" skipped="0" failures="0" errors="0" timestamp="2026-05-15T03:39:51" hostname="zia-ChromeBox" time="0.056">
  <properties/>
  <testcase name="isExpired returns false for future timestamp" classname="com.digitalpapyrus.authenticator.AuthCryptoTest" time="0.005"/>
  <testcase name="isWithinClockSkew returns true for past timestamp within tolerance" classname="com.digitalpapyrus.authenticator.AuthCryptoTest" time="0.0"/>
  <testcase name="isExpired returns true for past timestamp" classname="com.digitalpapyrus.authenticator.AuthCryptoTest" time="0.001"/>
  <testcase name="generateHmac produces consistent signatures" classname="com.digitalpapyrus.authenticator.AuthCryptoTest" time="0.036"/>
  <testcase name="constantTimeEquals returns true for equal byte arrays" classname="com.digitalpapyrus.authenticator.AuthCryptoTest" time="0.0"/>
  <testcase name="constantTimeEquals returns false for different length arrays" classname="com.digitalpapyrus.authenticator.AuthCryptoTest" time="0.0"/>
  <testcase name="isWithinClockSkew returns true for timestamp exactly at tolerance" classname="com.digitalpapyrus.authenticator.AuthCryptoTest" time="0.001"/>
  <testcase name="generateSessionCode returns 10-character uppercase hex string" classname="com.digitalpapyrus.authenticator.AuthCryptoTest" time="0.004"/>
  <testcase name="isExpired returns false for timestamp exactly at current time" classname="com.digitalpapyrus.authenticator.AuthCryptoTest" time="0.0"/>
  <testcase name="generateHmac produces different signatures for different secrets" classname="com.digitalpapyrus.authenticator.AuthCryptoTest" time="0.001"/>
  <testcase name="constantTimeEquals returns false for different Base64 strings" classname="com.digitalpapyrus.authenticator.AuthCryptoTest" time="0.001"/>
  <testcase name="generateSessionCode produces unique codes" classname="com.digitalpapyrus.authenticator.AuthCryptoTest" time="0.002"/>
  <testcase name="CLOCK_SKEW_MS is exactly 300000 (5 minutes)" classname="com.digitalpapyrus.authenticator.AuthCryptoTest" time="0.0"/>
  <testcase name="isWithinClockSkew returns true for timestamp within tolerance" classname="com.digitalpapyrus.authenticator.AuthCryptoTest" time="0.0"/>
  <testcase name="generateHmac produces different signatures for different data" classname="com.digitalpapyrus.authenticator.AuthCryptoTest" time="0.001"/>
  <testcase name="constantTimeEquals returns false for different byte arrays" classname="com.digitalpapyrus.authenticator.AuthCryptoTest" time="0.002"/>
  <testcase name="isWithinClockSkew returns false for timestamp beyond tolerance" classname="com.digitalpapyrus.authenticator.AuthCryptoTest" time="0.0"/>
  <testcase name="constantTimeEquals returns true for equal Base64 strings" classname="com.digitalpapyrus.authenticator.AuthCryptoTest" time="0.0"/>
  <system-out><![CDATA[]]></system-out>
  <system-err><![CDATA[]]></system-err>
</testsuite>
